::1 - - [Wed, 29 Jun 2016 09:59:49 GMT] "GET / HTTP/1.1" 200 4446 "http://localhost:3000/u/admin" "Mozilla/5.0 (Windows NT 6.1; WOW64) AppleWebKit/537.36 (KHTML, like Gecko) Chrome/38.0.2125.111 Safari/537.36"
::1 - - [Wed, 29 Jun 2016 09:59:49 GMT] "GET /stylesheets/style.css HTTP/1.1" 304 - "http://localhost:3000/" "Mozilla/5.0 (Windows NT 6.1; WOW64) AppleWebKit/537.36 (KHTML, like Gecko) Chrome/38.0.2125.111 Safari/537.36"
::1 - - [Wed, 29 Jun 2016 09:59:49 GMT] "GET /images/share_main_pic.png HTTP/1.1" 304 - "http://localhost:3000/" "Mozilla/5.0 (Windows NT 6.1; WOW64) AppleWebKit/537.36 (KHTML, like Gecko) Chrome/38.0.2125.111 Safari/537.36"
::1 - - [Wed, 29 Jun 2016 09:59:49 GMT] "GET /images/bt_home_more.png HTTP/1.1" 304 - "http://localhost:3000/" "Mozilla/5.0 (Windows NT 6.1; WOW64) AppleWebKit/537.36 (KHTML, like Gecko) Chrome/38.0.2125.111 Safari/537.36"
::1 - - [Wed, 29 Jun 2016 09:59:51 GMT] "GET /login HTTP/1.1" 200 926 "http://localhost:3000/" "Mozilla/5.0 (Windows NT 6.1; WOW64) AppleWebKit/537.36 (KHTML, like Gecko) Chrome/38.0.2125.111 Safari/537.36"
::1 - - [Wed, 29 Jun 2016 09:59:51 GMT] "GET /stylesheets/style.css HTTP/1.1" 304 - "http://localhost:3000/login" "Mozilla/5.0 (Windows NT 6.1; WOW64) AppleWebKit/537.36 (KHTML, like Gecko) Chrome/38.0.2125.111 Safari/537.36"
::1 - - [Wed, 29 Jun 2016 09:59:52 GMT] "POST /login HTTP/1.1" 302 46 "http://localhost:3000/login" "Mozilla/5.0 (Windows NT 6.1; WOW64) AppleWebKit/537.36 (KHTML, like Gecko) Chrome/38.0.2125.111 Safari/537.36"
::1 - - [Wed, 29 Jun 2016 09:59:52 GMT] "GET / HTTP/1.1" 200 4535 "http://localhost:3000/login" "Mozilla/5.0 (Windows NT 6.1; WOW64) AppleWebKit/537.36 (KHTML, like Gecko) Chrome/38.0.2125.111 Safari/537.36"
::1 - - [Wed, 29 Jun 2016 09:59:52 GMT] "GET /stylesheets/style.css HTTP/1.1" 304 - "http://localhost:3000/" "Mozilla/5.0 (Windows NT 6.1; WOW64) AppleWebKit/537.36 (KHTML, like Gecko) Chrome/38.0.2125.111 Safari/537.36"
::1 - - [Wed, 29 Jun 2016 09:59:52 GMT] "GET /images/bt_home_more.png HTTP/1.1" 200 216 "http://localhost:3000/" "Mozilla/5.0 (Windows NT 6.1; WOW64) AppleWebKit/537.36 (KHTML, like Gecko) Chrome/38.0.2125.111 Safari/537.36"
::1 - - [Wed, 29 Jun 2016 09:59:52 GMT] "GET /images/share_main_pic.png HTTP/1.1" 200 91335 "http://localhost:3000/" "Mozilla/5.0 (Windows NT 6.1; WOW64) AppleWebKit/537.36 (KHTML, like Gecko) Chrome/38.0.2125.111 Safari/537.36"
::1 - - [Wed, 29 Jun 2016 09:59:54 GMT] "GET /upload HTTP/1.1" 200 953 "http://localhost:3000/" "Mozilla/5.0 (Windows NT 6.1; WOW64) AppleWebKit/537.36 (KHTML, like Gecko) Chrome/38.0.2125.111 Safari/537.36"
::1 - - [Wed, 29 Jun 2016 09:59:54 GMT] "GET /stylesheets/style.css HTTP/1.1" 304 - "http://localhost:3000/upload" "Mozilla/5.0 (Windows NT 6.1; WOW64) AppleWebKit/537.36 (KHTML, like Gecko) Chrome/38.0.2125.111 Safari/537.36"
::1 - - [Wed, 29 Jun 2016 09:59:56 GMT] "GET /links HTTP/1.1" 200 1132 "http://localhost:3000/upload" "Mozilla/5.0 (Windows NT 6.1; WOW64) AppleWebKit/537.36 (KHTML, like Gecko) Chrome/38.0.2125.111 Safari/537.36"
::1 - - [Wed, 29 Jun 2016 09:59:56 GMT] "GET /stylesheets/style.css HTTP/1.1" 304 - "http://localhost:3000/links" "Mozilla/5.0 (Windows NT 6.1; WOW64) AppleWebKit/537.36 (KHTML, like Gecko) Chrome/38.0.2125.111 Safari/537.36"
::1 - - [Wed, 29 Jun 2016 09:59:57 GMT] "GET /tags HTTP/1.1" 200 792 "http://localhost:3000/links" "Mozilla/5.0 (Windows NT 6.1; WOW64) AppleWebKit/537.36 (KHTML, like Gecko) Chrome/38.0.2125.111 Safari/537.36"
::1 - - [Wed, 29 Jun 2016 09:59:57 GMT] "GET /stylesheets/style.css HTTP/1.1" 304 - "http://localhost:3000/tags" "Mozilla/5.0 (Windows NT 6.1; WOW64) AppleWebKit/537.36 (KHTML, like Gecko) Chrome/38.0.2125.111 Safari/537.36"
::1 - - [Wed, 29 Jun 2016 09:59:58 GMT] "GET /archive HTTP/1.1" 200 821 "http://localhost:3000/tags" "Mozilla/5.0 (Windows NT 6.1; WOW64) AppleWebKit/537.36 (KHTML, like Gecko) Chrome/38.0.2125.111 Safari/537.36"
::1 - - [Wed, 29 Jun 2016 09:59:58 GMT] "GET /stylesheets/style.css HTTP/1.1" 304 - "http://localhost:3000/archive" "Mozilla/5.0 (Windows NT 6.1; WOW64) AppleWebKit/537.36 (KHTML, like Gecko) Chrome/38.0.2125.111 Safari/537.36"
::1 - - [Wed, 29 Jun 2016 09:59:58 GMT] "GET / HTTP/1.1" 200 4505 "http://localhost:3000/archive" "Mozilla/5.0 (Windows NT 6.1; WOW64) AppleWebKit/537.36 (KHTML, like Gecko) Chrome/38.0.2125.111 Safari/537.36"
::1 - - [Wed, 29 Jun 2016 09:59:58 GMT] "GET /stylesheets/style.css HTTP/1.1" 304 - "http://localhost:3000/" "Mozilla/5.0 (Windows NT 6.1; WOW64) AppleWebKit/537.36 (KHTML, like Gecko) Chrome/38.0.2125.111 Safari/537.36"
::1 - - [Wed, 29 Jun 2016 09:59:58 GMT] "GET /images/bt_home_more.png HTTP/1.1" 304 - "http://localhost:3000/" "Mozilla/5.0 (Windows NT 6.1; WOW64) AppleWebKit/537.36 (KHTML, like Gecko) Chrome/38.0.2125.111 Safari/537.36"
::1 - - [Wed, 29 Jun 2016 09:59:58 GMT] "GET /images/share_main_pic.png HTTP/1.1" 200 91335 "http://localhost:3000/" "Mozilla/5.0 (Windows NT 6.1; WOW64) AppleWebKit/537.36 (KHTML, like Gecko) Chrome/38.0.2125.111 Safari/537.36"
